2018-02-13 18:42:12,081 DEBUG [Forwarding newSession on session null to remote] RequestAddCookies:123 - CookieSpec selected: default
2018-02-13 18:42:12,192 DEBUG [Forwarding newSession on session null to remote] RequestAuthCache:77 - Auth cache not set in the context
2018-02-13 18:42:12,199 DEBUG [Forwarding newSession on session null to remote] PoolingHttpClientConnectionManager:255 - Connection request: [route: {}->http://localhost:27595][total kept alive: 0; route allocated: 0 of 2000; total allocated: 0 of 2000]
2018-02-13 18:42:12,283 DEBUG [Forwarding newSession on session null to remote] PoolingHttpClientConnectionManager:288 - Connection leased: [id: 0][route: {}->http://localhost:27595][total kept alive: 0; route allocated: 1 of 2000; total allocated: 1 of 2000]
2018-02-13 18:42:12,296 DEBUG [Forwarding newSession on session null to remote] MainClientExec:235 - Opening connection {}->http://localhost:27595
2018-02-13 18:42:12,300 DEBUG [Forwarding newSession on session null to remote] DefaultHttpClientConnectionOperator:139 - Connecting to localhost/127.0.0.1:27595
2018-02-13 18:42:12,305 DEBUG [Forwarding newSession on session null to remote] DefaultHttpClientConnectionOperator:146 - Connection established 127.0.0.1:2557<->127.0.0.1:27595
2018-02-13 18:42:12,306 DEBUG [Forwarding newSession on session null to remote] DefaultManagedHttpClientConnection:88 - http-outgoing-0: set socket timeout to 10800000
2018-02-13 18:42:12,308 DEBUG [Forwarding newSession on session null to remote] MainClientExec:256 - Executing request POST /session HTTP/1.1
2018-02-13 18:42:12,309 DEBUG [Forwarding newSession on session null to remote] MainClientExec:261 - Target auth state: UNCHALLENGED
2018-02-13 18:42:12,328 DEBUG [Forwarding newSession on session null to remote] MainClientExec:267 - Proxy auth state: UNCHALLENGED
2018-02-13 18:42:12,333 DEBUG [Forwarding newSession on session null to remote] headers:133 - http-outgoing-0 >> POST /session HTTP/1.1
2018-02-13 18:42:12,335 DEBUG [Forwarding newSession on session null to remote] headers:136 - http-outgoing-0 >> Content-Type: application/json; charset=utf-8
2018-02-13 18:42:12,336 DEBUG [Forwarding newSession on session null to remote] headers:136 - http-outgoing-0 >> Content-Length: 335
2018-02-13 18:42:12,338 DEBUG [Forwarding newSession on session null to remote] headers:136 - http-outgoing-0 >> Host: localhost:27595
2018-02-13 18:42:12,340 DEBUG [Forwarding newSession on session null to remote] headers:136 - http-outgoing-0 >> Connection: Keep-Alive
2018-02-13 18:42:12,341 DEBUG [Forwarding newSession on session null to remote] headers:136 - http-outgoing-0 >> User-Agent: Apache-HttpClient/4.5.3 (Java/1.8.0_111)
2018-02-13 18:42:12,343 DEBUG [Forwarding newSession on session null to remote] headers:136 - http-outgoing-0 >> Accept-Encoding: gzip,deflate
2018-02-13 18:42:12,346 DEBUG [Forwarding newSession on session null to remote] wire:73 - http-outgoing-0 >> "POST /session HTTP/1.1[\r][\n]"
2018-02-13 18:42:12,348 DEBUG [Forwarding newSession on session null to remote] wire:73 - http-outgoing-0 >> "Content-Type: application/json; charset=utf-8[\r][\n]"
2018-02-13 18:42:12,354 DEBUG [Forwarding newSession on session null to remote] wire:73 - http-outgoing-0 >> "Content-Length: 335[\r][\n]"
2018-02-13 18:42:12,360 DEBUG [Forwarding newSession on session null to remote] wire:73 - http-outgoing-0 >> "Host: localhost:27595[\r][\n]"
2018-02-13 18:42:12,362 DEBUG [Forwarding newSession on session null to remote] wire:73 - http-outgoing-0 >> "Connection: Keep-Alive[\r][\n]"
2018-02-13 18:42:12,364 DEBUG [Forwarding newSession on session null to remote] wire:73 - http-outgoing-0 >> "User-Agent: Apache-HttpClient/4.5.3 (Java/1.8.0_111)[\r][\n]"
2018-02-13 18:42:12,367 DEBUG [Forwarding newSession on session null to remote] wire:73 - http-outgoing-0 >> "Accept-Encoding: gzip,deflate[\r][\n]"
2018-02-13 18:42:12,369 DEBUG [Forwarding newSession on session null to remote] wire:73 - http-outgoing-0 >> "[\r][\n]"
2018-02-13 18:42:12,371 DEBUG [Forwarding newSession on session null to remote] wire:73 - http-outgoing-0 >> "{[\n]"
2018-02-13 18:42:12,372 DEBUG [Forwarding newSession on session null to remote] wire:73 - http-outgoing-0 >> "  "desiredCapabilities": {"browserName":"chrome","goog:chromeOptions":{"args":[],"extensions":[]}},[\n]"
2018-02-13 18:42:12,374 DEBUG [Forwarding newSession on session null to remote] wire:73 - http-outgoing-0 >> "  "capabilities": {[\n]"
2018-02-13 18:42:12,375 DEBUG [Forwarding newSession on session null to remote] wire:73 - http-outgoing-0 >> "    "desiredCapabilities": {"browserName":"chrome","goog:chromeOptions":{"args":[],"extensions":[]}},[\n]"
2018-02-13 18:42:12,377 DEBUG [Forwarding newSession on session null to remote] wire:73 - http-outgoing-0 >> "    "firstMatch": [[\n]"
2018-02-13 18:42:12,380 DEBUG [Forwarding newSession on session null to remote] wire:73 - http-outgoing-0 >> "      {"browserName":"chrome","goog:chromeOptions":{"args":[],"extensions":[]}}[\n]"
2018-02-13 18:42:12,382 DEBUG [Forwarding newSession on session null to remote] wire:73 - http-outgoing-0 >> "    ][\n]"
2018-02-13 18:42:12,386 DEBUG [Forwarding newSession on session null to remote] wire:73 - http-outgoing-0 >> "  }[\n]"
2018-02-13 18:42:12,388 DEBUG [Forwarding newSession on session null to remote] wire:87 - http-outgoing-0 >> "}"
2018-02-13 18:42:35,364 DEBUG [Forwarding newSession on session null to remote] wire:73 - http-outgoing-0 << "HTTP/1.1 200 OK[\r][\n]"
2018-02-13 18:42:35,367 DEBUG [Forwarding newSession on session null to remote] wire:73 - http-outgoing-0 << "Content-Length:798[\r][\n]"
2018-02-13 18:42:35,371 DEBUG [Forwarding newSession on session null to remote] wire:73 - http-outgoing-0 << "Content-Type:application/json; charset=utf-8[\r][\n]"
2018-02-13 18:42:35,374 DEBUG [Forwarding newSession on session null to remote] wire:73 - http-outgoing-0 << "Connection:close[\r][\n]"
2018-02-13 18:42:35,378 DEBUG [Forwarding newSession on session null to remote] wire:73 - http-outgoing-0 << "[\r][\n]"
2018-02-13 18:42:35,382 DEBUG [Forwarding newSession on session null to remote] wire:87 - http-outgoing-0 << "{"sessionId":"fac634d4fc5413edffa6953cd872799c","status":0,"value":{"acceptSslCerts":true,"applicationCacheEnabled":false,"browserConnectionEnabled":false,"browserName":"chrome","chrome":{"chromedriverVersion":"2.33.506120 (e3e53437346286c0bc2d2dc9aa4915ba81d9023f)","userDataDir":"C:\\Users\\acer\\AppData\\Local\\Temp\\scoped_dir9004_6992"},"cssSelectorsEnabled":true,"databaseEnabled":false,"handlesAlerts":true,"hasTouchScreen":false,"javascriptEnabled":true,"locationContextEnabled":true,"mobileEmulationEnabled":false,"nativeEvents":true,"networkConnectionEnabled":false,"pageLoadStrategy":"normal","platform":"Windows NT","rotatable":false,"setWindowRect":true,"takesHeapSnapshot":true,"takesScreenshot":true,"unexpectedAlertBehaviour":"","version":"64.0.3282.140","webStorageEnabled":true}}"
2018-02-13 18:42:35,446 DEBUG [Forwarding newSession on session null to remote] headers:122 - http-outgoing-0 << HTTP/1.1 200 OK
2018-02-13 18:42:35,447 DEBUG [Forwarding newSession on session null to remote] headers:125 - http-outgoing-0 << Content-Length:798
2018-02-13 18:42:35,448 DEBUG [Forwarding newSession on session null to remote] headers:125 - http-outgoing-0 << Content-Type:application/json; charset=utf-8
2018-02-13 18:42:35,450 DEBUG [Forwarding newSession on session null to remote] headers:125 - http-outgoing-0 << Connection:close
2018-02-13 18:42:35,554 DEBUG [Forwarding newSession on session null to remote] DefaultManagedHttpClientConnection:79 - http-outgoing-0: Close connection
2018-02-13 18:42:35,581 DEBUG [Forwarding newSession on session null to remote] MainClientExec:104 - Connection discarded
2018-02-13 18:42:35,585 DEBUG [Forwarding newSession on session null to remote] PoolingHttpClientConnectionManager:326 - Connection released: [id: 0][route: {}->http://localhost:27595][total kept alive: 0; route allocated: 0 of 2000; total allocated: 0 of 2000]
2018-02-13 18:42:39,551 DEBUG [Forwarding get on session fac634d4fc5413edffa6953cd872799c to remote] RequestAddCookies:123 - CookieSpec selected: default
2018-02-13 18:42:39,552 DEBUG [Forwarding get on session fac634d4fc5413edffa6953cd872799c to remote] RequestAuthCache:77 - Auth cache not set in the context
2018-02-13 18:42:39,554 DEBUG [Forwarding get on session fac634d4fc5413edffa6953cd872799c to remote] PoolingHttpClientConnectionManager:255 - Connection request: [route: {}->http://localhost:27595][total kept alive: 0; route allocated: 0 of 2000; total allocated: 0 of 2000]
2018-02-13 18:42:39,555 DEBUG [Forwarding get on session fac634d4fc5413edffa6953cd872799c to remote] PoolingHttpClientConnectionManager:288 - Connection leased: [id: 1][route: {}->http://localhost:27595][total kept alive: 0; route allocated: 1 of 2000; total allocated: 1 of 2000]
2018-02-13 18:42:39,557 DEBUG [Forwarding get on session fac634d4fc5413edffa6953cd872799c to remote] MainClientExec:235 - Opening connection {}->http://localhost:27595
2018-02-13 18:42:39,559 DEBUG [Forwarding get on session fac634d4fc5413edffa6953cd872799c to remote] DefaultHttpClientConnectionOperator:139 - Connecting to localhost/127.0.0.1:27595
2018-02-13 18:42:39,561 DEBUG [Forwarding get on session fac634d4fc5413edffa6953cd872799c to remote] DefaultHttpClientConnectionOperator:146 - Connection established 127.0.0.1:2606<->127.0.0.1:27595
2018-02-13 18:42:39,563 DEBUG [Forwarding get on session fac634d4fc5413edffa6953cd872799c to remote] DefaultManagedHttpClientConnection:88 - http-outgoing-1: set socket timeout to 10800000
2018-02-13 18:42:39,564 DEBUG [Forwarding get on session fac634d4fc5413edffa6953cd872799c to remote] MainClientExec:256 - Executing request POST /session/fac634d4fc5413edffa6953cd872799c/url HTTP/1.1
2018-02-13 18:42:39,565 DEBUG [Forwarding get on session fac634d4fc5413edffa6953cd872799c to remote] MainClientExec:261 - Target auth state: UNCHALLENGED
2018-02-13 18:42:39,566 DEBUG [Forwarding get on session fac634d4fc5413edffa6953cd872799c to remote] MainClientExec:267 - Proxy auth state: UNCHALLENGED
2018-02-13 18:42:39,568 DEBUG [Forwarding get on session fac634d4fc5413edffa6953cd872799c to remote] headers:133 - http-outgoing-1 >> POST /session/fac634d4fc5413edffa6953cd872799c/url HTTP/1.1
2018-02-13 18:42:39,569 DEBUG [Forwarding get on session fac634d4fc5413edffa6953cd872799c to remote] headers:136 - http-outgoing-1 >> Content-Type: application/json; charset=utf-8
2018-02-13 18:42:39,570 DEBUG [Forwarding get on session fac634d4fc5413edffa6953cd872799c to remote] headers:136 - http-outgoing-1 >> Content-Length: 28
2018-02-13 18:42:39,571 DEBUG [Forwarding get on session fac634d4fc5413edffa6953cd872799c to remote] headers:136 - http-outgoing-1 >> Host: localhost:27595
2018-02-13 18:42:39,574 DEBUG [Forwarding get on session fac634d4fc5413edffa6953cd872799c to remote] headers:136 - http-outgoing-1 >> Connection: Keep-Alive
2018-02-13 18:42:39,577 DEBUG [Forwarding get on session fac634d4fc5413edffa6953cd872799c to remote] headers:136 - http-outgoing-1 >> User-Agent: Apache-HttpClient/4.5.3 (Java/1.8.0_111)
2018-02-13 18:42:39,579 DEBUG [Forwarding get on session fac634d4fc5413edffa6953cd872799c to remote] headers:136 - http-outgoing-1 >> Accept-Encoding: gzip,deflate
2018-02-13 18:42:39,592 DEBUG [Forwarding get on session fac634d4fc5413edffa6953cd872799c to remote] wire:73 - http-outgoing-1 >> "POST /session/fac634d4fc5413edffa6953cd872799c/url HTTP/1.1[\r][\n]"
2018-02-13 18:42:39,595 DEBUG [Forwarding get on session fac634d4fc5413edffa6953cd872799c to remote] wire:73 - http-outgoing-1 >> "Content-Type: application/json; charset=utf-8[\r][\n]"
2018-02-13 18:42:39,596 DEBUG [Forwarding get on session fac634d4fc5413edffa6953cd872799c to remote] wire:73 - http-outgoing-1 >> "Content-Length: 28[\r][\n]"
2018-02-13 18:42:39,598 DEBUG [Forwarding get on session fac634d4fc5413edffa6953cd872799c to remote] wire:73 - http-outgoing-1 >> "Host: localhost:27595[\r][\n]"
2018-02-13 18:42:39,601 DEBUG [Forwarding get on session fac634d4fc5413edffa6953cd872799c to remote] wire:73 - http-outgoing-1 >> "Connection: Keep-Alive[\r][\n]"
2018-02-13 18:42:39,606 DEBUG [Forwarding get on session fac634d4fc5413edffa6953cd872799c to remote] wire:73 - http-outgoing-1 >> "User-Agent: Apache-HttpClient/4.5.3 (Java/1.8.0_111)[\r][\n]"
2018-02-13 18:42:39,608 DEBUG [Forwarding get on session fac634d4fc5413edffa6953cd872799c to remote] wire:73 - http-outgoing-1 >> "Accept-Encoding: gzip,deflate[\r][\n]"
2018-02-13 18:42:39,611 DEBUG [Forwarding get on session fac634d4fc5413edffa6953cd872799c to remote] wire:73 - http-outgoing-1 >> "[\r][\n]"
2018-02-13 18:42:39,613 DEBUG [Forwarding get on session fac634d4fc5413edffa6953cd872799c to remote] wire:87 - http-outgoing-1 >> "{"url":"https://google.com"}"
2018-02-13 18:42:57,200 DEBUG [Forwarding get on session fac634d4fc5413edffa6953cd872799c to remote] wire:73 - http-outgoing-1 << "HTTP/1.1 200 OK[\r][\n]"
2018-02-13 18:42:57,202 DEBUG [Forwarding get on session fac634d4fc5413edffa6953cd872799c to remote] wire:73 - http-outgoing-1 << "Content-Length:72[\r][\n]"
2018-02-13 18:42:57,205 DEBUG [Forwarding get on session fac634d4fc5413edffa6953cd872799c to remote] wire:73 - http-outgoing-1 << "Content-Type:application/json; charset=utf-8[\r][\n]"
2018-02-13 18:42:57,207 DEBUG [Forwarding get on session fac634d4fc5413edffa6953cd872799c to remote] wire:73 - http-outgoing-1 << "Connection:close[\r][\n]"
2018-02-13 18:42:57,210 DEBUG [Forwarding get on session fac634d4fc5413edffa6953cd872799c to remote] wire:73 - http-outgoing-1 << "[\r][\n]"
2018-02-13 18:42:57,212 DEBUG [Forwarding get on session fac634d4fc5413edffa6953cd872799c to remote] wire:87 - http-outgoing-1 << "{"sessionId":"fac634d4fc5413edffa6953cd872799c","status":0,"value":null}"
2018-02-13 18:42:57,215 DEBUG [Forwarding get on session fac634d4fc5413edffa6953cd872799c to remote] headers:122 - http-outgoing-1 << HTTP/1.1 200 OK
2018-02-13 18:42:57,218 DEBUG [Forwarding get on session fac634d4fc5413edffa6953cd872799c to remote] headers:125 - http-outgoing-1 << Content-Length:72
2018-02-13 18:42:57,220 DEBUG [Forwarding get on session fac634d4fc5413edffa6953cd872799c to remote] headers:125 - http-outgoing-1 << Content-Type:application/json; charset=utf-8
2018-02-13 18:42:57,223 DEBUG [Forwarding get on session fac634d4fc5413edffa6953cd872799c to remote] headers:125 - http-outgoing-1 << Connection:close
2018-02-13 18:42:57,225 DEBUG [Forwarding get on session fac634d4fc5413edffa6953cd872799c to remote] DefaultManagedHttpClientConnection:79 - http-outgoing-1: Close connection
2018-02-13 18:42:57,228 DEBUG [Forwarding get on session fac634d4fc5413edffa6953cd872799c to remote] MainClientExec:104 - Connection discarded
2018-02-13 18:42:57,230 DEBUG [Forwarding get on session fac634d4fc5413edffa6953cd872799c to remote] PoolingHttpClientConnectionManager:326 - Connection released: [id: 1][route: {}->http://localhost:27595][total kept alive: 0; route allocated: 0 of 2000; total allocated: 0 of 2000]
2018-02-13 18:42:57,308 DEBUG [Forwarding getTitle on session fac634d4fc5413edffa6953cd872799c to remote] RequestAddCookies:123 - CookieSpec selected: default
2018-02-13 18:42:57,309 DEBUG [Forwarding getTitle on session fac634d4fc5413edffa6953cd872799c to remote] RequestAuthCache:77 - Auth cache not set in the context
2018-02-13 18:42:57,310 DEBUG [Forwarding getTitle on session fac634d4fc5413edffa6953cd872799c to remote] PoolingHttpClientConnectionManager:255 - Connection request: [route: {}->http://localhost:27595][total kept alive: 0; route allocated: 0 of 2000; total allocated: 0 of 2000]
2018-02-13 18:42:57,312 DEBUG [Forwarding getTitle on session fac634d4fc5413edffa6953cd872799c to remote] PoolingHttpClientConnectionManager:288 - Connection leased: [id: 2][route: {}->http://localhost:27595][total kept alive: 0; route allocated: 1 of 2000; total allocated: 1 of 2000]
2018-02-13 18:42:57,313 DEBUG [Forwarding getTitle on session fac634d4fc5413edffa6953cd872799c to remote] MainClientExec:235 - Opening connection {}->http://localhost:27595
2018-02-13 18:42:57,326 DEBUG [Forwarding getTitle on session fac634d4fc5413edffa6953cd872799c to remote] DefaultHttpClientConnectionOperator:139 - Connecting to localhost/127.0.0.1:27595
2018-02-13 18:42:57,329 DEBUG [Forwarding getTitle on session fac634d4fc5413edffa6953cd872799c to remote] DefaultHttpClientConnectionOperator:146 - Connection established 127.0.0.1:2619<->127.0.0.1:27595
2018-02-13 18:42:57,331 DEBUG [Forwarding getTitle on session fac634d4fc5413edffa6953cd872799c to remote] DefaultManagedHttpClientConnection:88 - http-outgoing-2: set socket timeout to 10800000
2018-02-13 18:42:57,332 DEBUG [Forwarding getTitle on session fac634d4fc5413edffa6953cd872799c to remote] MainClientExec:256 - Executing request GET /session/fac634d4fc5413edffa6953cd872799c/title HTTP/1.1
2018-02-13 18:42:57,335 DEBUG [Forwarding getTitle on session fac634d4fc5413edffa6953cd872799c to remote] MainClientExec:261 - Target auth state: UNCHALLENGED
2018-02-13 18:42:57,337 DEBUG [Forwarding getTitle on session fac634d4fc5413edffa6953cd872799c to remote] MainClientExec:267 - Proxy auth state: UNCHALLENGED
2018-02-13 18:42:57,340 DEBUG [Forwarding getTitle on session fac634d4fc5413edffa6953cd872799c to remote] headers:133 - http-outgoing-2 >> GET /session/fac634d4fc5413edffa6953cd872799c/title HTTP/1.1
2018-02-13 18:42:57,342 DEBUG [Forwarding getTitle on session fac634d4fc5413edffa6953cd872799c to remote] headers:136 - http-outgoing-2 >> Cache-Control: no-cache
2018-02-13 18:42:57,343 DEBUG [Forwarding getTitle on session fac634d4fc5413edffa6953cd872799c to remote] headers:136 - http-outgoing-2 >> Host: localhost:27595
2018-02-13 18:42:57,344 DEBUG [Forwarding getTitle on session fac634d4fc5413edffa6953cd872799c to remote] headers:136 - http-outgoing-2 >> Connection: Keep-Alive
2018-02-13 18:42:57,345 DEBUG [Forwarding getTitle on session fac634d4fc5413edffa6953cd872799c to remote] headers:136 - http-outgoing-2 >> User-Agent: Apache-HttpClient/4.5.3 (Java/1.8.0_111)
2018-02-13 18:42:57,346 DEBUG [Forwarding getTitle on session fac634d4fc5413edffa6953cd872799c to remote] headers:136 - http-outgoing-2 >> Accept-Encoding: gzip,deflate
2018-02-13 18:42:57,350 DEBUG [Forwarding getTitle on session fac634d4fc5413edffa6953cd872799c to remote] wire:73 - http-outgoing-2 >> "GET /session/fac634d4fc5413edffa6953cd872799c/title HTTP/1.1[\r][\n]"
2018-02-13 18:42:57,355 DEBUG [Forwarding getTitle on session fac634d4fc5413edffa6953cd872799c to remote] wire:73 - http-outgoing-2 >> "Cache-Control: no-cache[\r][\n]"
2018-02-13 18:42:57,358 DEBUG [Forwarding getTitle on session fac634d4fc5413edffa6953cd872799c to remote] wire:73 - http-outgoing-2 >> "Host: localhost:27595[\r][\n]"
2018-02-13 18:42:57,360 DEBUG [Forwarding getTitle on session fac634d4fc5413edffa6953cd872799c to remote] wire:73 - http-outgoing-2 >> "Connection: Keep-Alive[\r][\n]"
2018-02-13 18:42:57,361 DEBUG [Forwarding getTitle on session fac634d4fc5413edffa6953cd872799c to remote] wire:73 - http-outgoing-2 >> "User-Agent: Apache-HttpClient/4.5.3 (Java/1.8.0_111)[\r][\n]"
2018-02-13 18:42:57,363 DEBUG [Forwarding getTitle on session fac634d4fc5413edffa6953cd872799c to remote] wire:73 - http-outgoing-2 >> "Accept-Encoding: gzip,deflate[\r][\n]"
2018-02-13 18:42:57,364 DEBUG [Forwarding getTitle on session fac634d4fc5413edffa6953cd872799c to remote] wire:73 - http-outgoing-2 >> "[\r][\n]"
2018-02-13 18:42:59,406 DEBUG [Forwarding getTitle on session fac634d4fc5413edffa6953cd872799c to remote] wire:73 - http-outgoing-2 << "HTTP/1.1 200 OK[\r][\n]"
2018-02-13 18:42:59,408 DEBUG [Forwarding getTitle on session fac634d4fc5413edffa6953cd872799c to remote] wire:73 - http-outgoing-2 << "Content-Length:76[\r][\n]"
2018-02-13 18:42:59,410 DEBUG [Forwarding getTitle on session fac634d4fc5413edffa6953cd872799c to remote] wire:73 - http-outgoing-2 << "Content-Type:application/json; charset=utf-8[\r][\n]"
2018-02-13 18:42:59,412 DEBUG [Forwarding getTitle on session fac634d4fc5413edffa6953cd872799c to remote] wire:73 - http-outgoing-2 << "Connection:close[\r][\n]"
2018-02-13 18:42:59,414 DEBUG [Forwarding getTitle on session fac634d4fc5413edffa6953cd872799c to remote] wire:73 - http-outgoing-2 << "[\r][\n]"
2018-02-13 18:42:59,416 DEBUG [Forwarding getTitle on session fac634d4fc5413edffa6953cd872799c to remote] wire:87 - http-outgoing-2 << "{"sessionId":"fac634d4fc5413edffa6953cd872799c","status":0,"value":"Google"}"
2018-02-13 18:42:59,419 DEBUG [Forwarding getTitle on session fac634d4fc5413edffa6953cd872799c to remote] headers:122 - http-outgoing-2 << HTTP/1.1 200 OK
2018-02-13 18:42:59,420 DEBUG [Forwarding getTitle on session fac634d4fc5413edffa6953cd872799c to remote] headers:125 - http-outgoing-2 << Content-Length:76
2018-02-13 18:42:59,422 DEBUG [Forwarding getTitle on session fac634d4fc5413edffa6953cd872799c to remote] headers:125 - http-outgoing-2 << Content-Type:application/json; charset=utf-8
2018-02-13 18:42:59,424 DEBUG [Forwarding getTitle on session fac634d4fc5413edffa6953cd872799c to remote] headers:125 - http-outgoing-2 << Connection:close
2018-02-13 18:42:59,426 DEBUG [Forwarding getTitle on session fac634d4fc5413edffa6953cd872799c to remote] DefaultManagedHttpClientConnection:79 - http-outgoing-2: Close connection
2018-02-13 18:42:59,428 DEBUG [Forwarding getTitle on session fac634d4fc5413edffa6953cd872799c to remote] MainClientExec:104 - Connection discarded
2018-02-13 18:42:59,430 DEBUG [Forwarding getTitle on session fac634d4fc5413edffa6953cd872799c to remote] PoolingHttpClientConnectionManager:326 - Connection released: [id: 2][route: {}->http://localhost:27595][total kept alive: 0; route allocated: 0 of 2000; total allocated: 0 of 2000]
2018-02-13 18:42:59,599 DEBUG [Forwarding quit on session fac634d4fc5413edffa6953cd872799c to remote] RequestAddCookies:123 - CookieSpec selected: default
2018-02-13 18:42:59,600 DEBUG [Forwarding quit on session fac634d4fc5413edffa6953cd872799c to remote] RequestAuthCache:77 - Auth cache not set in the context
2018-02-13 18:42:59,601 DEBUG [Forwarding quit on session fac634d4fc5413edffa6953cd872799c to remote] PoolingHttpClientConnectionManager:255 - Connection request: [route: {}->http://localhost:27595][total kept alive: 0; route allocated: 0 of 2000; total allocated: 0 of 2000]
2018-02-13 18:42:59,604 DEBUG [Forwarding quit on session fac634d4fc5413edffa6953cd872799c to remote] PoolingHttpClientConnectionManager:288 - Connection leased: [id: 3][route: {}->http://localhost:27595][total kept alive: 0; route allocated: 1 of 2000; total allocated: 1 of 2000]
2018-02-13 18:42:59,607 DEBUG [Forwarding quit on session fac634d4fc5413edffa6953cd872799c to remote] MainClientExec:235 - Opening connection {}->http://localhost:27595
2018-02-13 18:42:59,609 DEBUG [Forwarding quit on session fac634d4fc5413edffa6953cd872799c to remote] DefaultHttpClientConnectionOperator:139 - Connecting to localhost/127.0.0.1:27595
2018-02-13 18:42:59,612 DEBUG [Forwarding quit on session fac634d4fc5413edffa6953cd872799c to remote] DefaultHttpClientConnectionOperator:146 - Connection established 127.0.0.1:2621<->127.0.0.1:27595
2018-02-13 18:42:59,613 DEBUG [Forwarding quit on session fac634d4fc5413edffa6953cd872799c to remote] DefaultManagedHttpClientConnection:88 - http-outgoing-3: set socket timeout to 10800000
2018-02-13 18:42:59,614 DEBUG [Forwarding quit on session fac634d4fc5413edffa6953cd872799c to remote] MainClientExec:256 - Executing request DELETE /session/fac634d4fc5413edffa6953cd872799c HTTP/1.1
2018-02-13 18:42:59,615 DEBUG [Forwarding quit on session fac634d4fc5413edffa6953cd872799c to remote] MainClientExec:261 - Target auth state: UNCHALLENGED
2018-02-13 18:42:59,618 DEBUG [Forwarding quit on session fac634d4fc5413edffa6953cd872799c to remote] MainClientExec:267 - Proxy auth state: UNCHALLENGED
2018-02-13 18:42:59,620 DEBUG [Forwarding quit on session fac634d4fc5413edffa6953cd872799c to remote] headers:133 - http-outgoing-3 >> DELETE /session/fac634d4fc5413edffa6953cd872799c HTTP/1.1
2018-02-13 18:42:59,621 DEBUG [Forwarding quit on session fac634d4fc5413edffa6953cd872799c to remote] headers:136 - http-outgoing-3 >> Host: localhost:27595
2018-02-13 18:42:59,622 DEBUG [Forwarding quit on session fac634d4fc5413edffa6953cd872799c to remote] headers:136 - http-outgoing-3 >> Connection: Keep-Alive
2018-02-13 18:42:59,623 DEBUG [Forwarding quit on session fac634d4fc5413edffa6953cd872799c to remote] headers:136 - http-outgoing-3 >> User-Agent: Apache-HttpClient/4.5.3 (Java/1.8.0_111)
2018-02-13 18:42:59,624 DEBUG [Forwarding quit on session fac634d4fc5413edffa6953cd872799c to remote] headers:136 - http-outgoing-3 >> Accept-Encoding: gzip,deflate
2018-02-13 18:42:59,625 DEBUG [Forwarding quit on session fac634d4fc5413edffa6953cd872799c to remote] wire:73 - http-outgoing-3 >> "DELETE /session/fac634d4fc5413edffa6953cd872799c HTTP/1.1[\r][\n]"
2018-02-13 18:42:59,626 DEBUG [Forwarding quit on session fac634d4fc5413edffa6953cd872799c to remote] wire:73 - http-outgoing-3 >> "Host: localhost:27595[\r][\n]"
2018-02-13 18:42:59,627 DEBUG [Forwarding quit on session fac634d4fc5413edffa6953cd872799c to remote] wire:73 - http-outgoing-3 >> "Connection: Keep-Alive[\r][\n]"
2018-02-13 18:42:59,629 DEBUG [Forwarding quit on session fac634d4fc5413edffa6953cd872799c to remote] wire:73 - http-outgoing-3 >> "User-Agent: Apache-HttpClient/4.5.3 (Java/1.8.0_111)[\r][\n]"
2018-02-13 18:42:59,630 DEBUG [Forwarding quit on session fac634d4fc5413edffa6953cd872799c to remote] wire:73 - http-outgoing-3 >> "Accept-Encoding: gzip,deflate[\r][\n]"
2018-02-13 18:42:59,633 DEBUG [Forwarding quit on session fac634d4fc5413edffa6953cd872799c to remote] wire:73 - http-outgoing-3 >> "[\r][\n]"
2018-02-13 18:42:59,756 DEBUG [Forwarding quit on session fac634d4fc5413edffa6953cd872799c to remote] wire:73 - http-outgoing-3 << "HTTP/1.1 200 OK[\r][\n]"
2018-02-13 18:42:59,759 DEBUG [Forwarding quit on session fac634d4fc5413edffa6953cd872799c to remote] wire:73 - http-outgoing-3 << "Content-Length:72[\r][\n]"
2018-02-13 18:42:59,761 DEBUG [Forwarding quit on session fac634d4fc5413edffa6953cd872799c to remote] wire:73 - http-outgoing-3 << "Content-Type:application/json; charset=utf-8[\r][\n]"
2018-02-13 18:42:59,762 DEBUG [Forwarding quit on session fac634d4fc5413edffa6953cd872799c to remote] wire:73 - http-outgoing-3 << "Connection:close[\r][\n]"
2018-02-13 18:42:59,763 DEBUG [Forwarding quit on session fac634d4fc5413edffa6953cd872799c to remote] wire:73 - http-outgoing-3 << "[\r][\n]"
2018-02-13 18:42:59,773 DEBUG [Forwarding quit on session fac634d4fc5413edffa6953cd872799c to remote] wire:87 - http-outgoing-3 << "{"sessionId":"fac634d4fc5413edffa6953cd872799c","status":0,"value":null}"
2018-02-13 18:42:59,775 DEBUG [Forwarding quit on session fac634d4fc5413edffa6953cd872799c to remote] headers:122 - http-outgoing-3 << HTTP/1.1 200 OK
2018-02-13 18:42:59,776 DEBUG [Forwarding quit on session fac634d4fc5413edffa6953cd872799c to remote] headers:125 - http-outgoing-3 << Content-Length:72
2018-02-13 18:42:59,777 DEBUG [Forwarding quit on session fac634d4fc5413edffa6953cd872799c to remote] headers:125 - http-outgoing-3 << Content-Type:application/json; charset=utf-8
2018-02-13 18:42:59,778 DEBUG [Forwarding quit on session fac634d4fc5413edffa6953cd872799c to remote] headers:125 - http-outgoing-3 << Connection:close
2018-02-13 18:42:59,779 DEBUG [Forwarding quit on session fac634d4fc5413edffa6953cd872799c to remote] DefaultManagedHttpClientConnection:79 - http-outgoing-3: Close connection
2018-02-13 18:42:59,781 DEBUG [Forwarding quit on session fac634d4fc5413edffa6953cd872799c to remote] MainClientExec:104 - Connection discarded
2018-02-13 18:42:59,782 DEBUG [Forwarding quit on session fac634d4fc5413edffa6953cd872799c to remote] PoolingHttpClientConnectionManager:326 - Connection released: [id: 3][route: {}->http://localhost:27595][total kept alive: 0; route allocated: 0 of 2000; total allocated: 0 of 2000]
2018-02-13 18:42:59,786 DEBUG [Forwarding quit on session fac634d4fc5413edffa6953cd872799c to remote] PoolingHttpClientConnectionManager:407 - Closing connections idle longer than 0 SECONDS
